-------------------------------------------------------------------------------
Test set: com.course.courseapp.UniversityCourseAppApplicationTests
-------------------------------------------------------------------------------
Tests run: 1, Failures: 0, Errors: 1, Skipped: 0, Time elapsed: 0.732 s <<< FAILURE! - in com.course.courseapp.UniversityCourseAppApplicationTests
com.course.courseapp.UniversityCourseAppApplicationTests  Time elapsed: 0.728 s  <<< ERROR!
java.lang.IllegalStateException: Unable to find a @SpringBootConfiguration, you need to use @ContextConfiguration or @SpringBootTest(classes=...) with your test

